<?xml version="1.0" encoding="UTF-8"?>
<!-- Generated by org.testng.reporters.JUnitReportReporter -->
<testsuite hostname="DESKTOP-2VJHEHT" failures="0" tests="7" name="spicejet.singleTrip" time="60.324" errors="0" timestamp="2024-01-09T09:48:42 IST" skipped="0">
  <testcase classname="spicejet.singleTrip" name="testCase06" time="10.172"/>
  <system-out/>
  <testcase classname="spicejet.singleTrip" name="testCase05" time="14.240"/>
  <system-out/>
  <testcase classname="spicejet.singleTrip" name="testCase01" time="0.101"/>
  <system-out/>
  <testcase classname="spicejet.singleTrip" name="testCase04" time="7.629"/>
  <system-out/>
  <testcase classname="spicejet.singleTrip" name="testCase07" time="10.558"/>
  <system-out/>
  <testcase classname="spicejet.singleTrip" name="testCase02" time="7.538"/>
  <system-out/>
  <testcase classname="spicejet.singleTrip" name="testCase03" time="10.086"/>
  <system-out/>
</testsuite> <!-- spicejet.singleTrip -->
